# JRE version: Java(TM) SE Runtime Environment (8.0_60-b27) (build 1.8.0_60-b27)
# Java VM: Java HotSpot(TM) 64-Bit Server VM (25.60-b23 mixed mode windows-amd64 compressed oops)
Heap:
 PSYoungGen      total 75776K, used 20146K [0x000000076b580000, 0x0000000774980000, 0x00000007c0000000)
  eden space 65024K, 30% used [0x000000076b580000,0x000000076c92c860,0x000000076f500000)
  from space 10752K, 0% used [0x000000076ff80000,0x000000076ff80000,0x0000000770a00000)
  to   space 10752K, 0% used [0x000000076f500000,0x000000076f500000,0x000000076ff80000)
 ParOldGen       total 112128K, used 10737K [0x00000006c2000000, 0x00000006c8d80000, 0x000000076b580000)
  object space 112128K, 9% used [0x00000006c2000000,0x00000006c2a7c760,0x00000006c8d80000)
 Metaspace       used 21061K, capacity 22478K, committed 22528K, reserved 1069056K
  class space    used 3071K, capacity 3324K, committed 3328K, reserved 1048576K
GC Heap History (6 events):
Event: 2.545 GC heap before
{Heap before GC invocations=1 (full 0):
 PSYoungGen      total 75776K, used 65024K [0x000000076b580000, 0x0000000770a00000, 0x00000007c0000000)
  eden space 65024K, 100% used [0x000000076b580000,0x000000076f500000,0x000000076f500000)
  from space 10752K, 0% used [0x000000076ff80000,0x000000076ff80000,0x0000000770a00000)
  to   space 10752K, 0% used [0x000000076f500000,0x000000076f500000,0x000000076ff80000)
 ParOldGen       total 173568K, used 0K [0x00000006c2000000, 0x00000006cc980000, 0x000000076b580000)
  object space 173568K, 0% used [0x00000006c2000000,0x00000006c2000000,0x00000006cc980000)
 Metaspace       used 18901K, capacity 20154K, committed 20352K, reserved 1067008K
  class space    used 2852K, capacity 3098K, committed 3200K, reserved 1048576K
Event: 2.559 GC heap after
Heap after GC invocations=1 (full 0):
 PSYoungGen      total 75776K, used 10226K [0x000000076b580000, 0x0000000770a00000, 0x00000007c0000000)
  eden space 65024K, 0% used [0x000000076b580000,0x000000076b580000,0x000000076f500000)
  from space 10752K, 95% used [0x000000076f500000,0x000000076fefcb18,0x000000076ff80000)
  to   space 10752K, 0% used [0x000000076ff80000,0x000000076ff80000,0x0000000770a00000)
 ParOldGen       total 173568K, used 16K [0x00000006c2000000, 0x00000006cc980000, 0x000000076b580000)
  object space 173568K, 0% used [0x00000006c2000000,0x00000006c2004000,0x00000006cc980000)
 Metaspace       used 18901K, capacity 20154K, committed 20352K, reserved 1067008K
  class space    used 2852K, capacity 3098K, committed 3200K, reserved 1048576K
}
Event: 2.901 GC heap before
{Heap before GC invocations=2 (full 0):
 PSYoungGen      total 75776K, used 16840K [0x000000076b580000, 0x0000000770a00000, 0x00000007c0000000)
  eden space 65024K, 10% used [0x000000076b580000,0x000000076bbf5520,0x000000076f500000)
  from space 10752K, 95% used [0x000000076f500000,0x000000076fefcb18,0x000000076ff80000)
  to   space 10752K, 0% used [0x000000076ff80000,0x000000076ff80000,0x0000000770a00000)
 ParOldGen       total 173568K, used 16K [0x00000006c2000000, 0x00000006cc980000, 0x000000076b580000)
  object space 173568K, 0% used [0x00000006c2000000,0x00000006c2004000,0x00000006cc980000)
 Metaspace       used 19813K, capacity 21134K, committed 21296K, reserved 1067008K
  class space    used 2950K, capacity 3196K, committed 3200K, reserved 1048576K
Event: 2.916 GC heap after
Heap after GC invocations=2 (full 0):
 PSYoungGen      total 75776K, used 10737K [0x000000076b580000, 0x0000000774980000, 0x00000007c0000000)
  eden space 65024K, 0% used [0x000000076b580000,0x000000076b580000,0x000000076f500000)
  from space 10752K, 99% used [0x000000076ff80000,0x00000007709fc6f0,0x0000000770a00000)
  to   space 10752K, 0% used [0x000000076f500000,0x000000076f500000,0x000000076ff80000)
 ParOldGen       total 173568K, used 112K [0x00000006c2000000, 0x00000006cc980000, 0x000000076b580000)
  object space 173568K, 0% used [0x00000006c2000000,0x00000006c201c000,0x00000006cc980000)
 Metaspace       used 19813K, capacity 21134K, committed 21296K, reserved 1067008K
  class space    used 2950K, capacity 3196K, committed 3200K, reserved 1048576K
}
Event: 2.916 GC heap before
{Heap before GC invocations=3 (full 1):
 PSYoungGen      total 75776K, used 10737K [0x000000076b580000, 0x0000000774980000, 0x00000007c0000000)
  eden space 65024K, 0% used [0x000000076b580000,0x000000076b580000,0x000000076f500000)
  from space 10752K, 99% used [0x000000076ff80000,0x00000007709fc6f0,0x0000000770a00000)
  to   space 10752K, 0% used [0x000000076f500000,0x000000076f500000,0x000000076ff80000)
 ParOldGen       total 173568K, used 112K [0x00000006c2000000, 0x00000006cc980000, 0x000000076b580000)
  object space 173568K, 0% used [0x00000006c2000000,0x00000006c201c000,0x00000006cc980000)
 Metaspace       used 19813K, capacity 21134K, committed 21296K, reserved 1067008K
  class space    used 2950K, capacity 3196K, committed 3200K, reserved 1048576K
Event: 2.994 GC heap after
Heap after GC invocations=3 (full 1):
 PSYoungGen      total 75776K, used 0K [0x000000076b580000, 0x0000000774980000, 0x00000007c0000000)
  eden space 65024K, 0% used [0x000000076b580000,0x000000076b580000,0x000000076f500000)
  from space 10752K, 0% used [0x000000076ff80000,0x000000076ff80000,0x0000000770a00000)
  to   space 10752K, 0% used [0x000000076f500000,0x000000076f500000,0x000000076ff80000)
 ParOldGen       total 112128K, used 10737K [0x00000006c2000000, 0x00000006c8d80000, 0x000000076b580000)
  object space 112128K, 9% used [0x00000006c2000000,0x00000006c2a7c760,0x00000006c8d80000)
 Metaspace       used 19802K, capacity 21108K, committed 21296K, reserved 1067008K
  class space    used 2946K, capacity 3189K, committed 3200K, reserved 1048576K
}

